<?xml version="1.0" encoding="UTF-8"?>
<testsuite xmlns:xsi="http://www.w3.org/2001/XMLSchema-instance" xsi:noNamespaceSchemaLocation="https://maven.apache.org/surefire/maven-surefire-plugin/xsd/surefire-test-report.xsd" version="3.0.1" name="runner.Testrunner" time="0.803" tests="6" errors="0" skipped="0" failures="0">
  <properties>
    <property name="java.specification.version" value="17"/>
    <property name="sun.cpu.isalist" value="amd64"/>
    <property name="sun.jnu.encoding" value="Cp1252"/>
    <property name="java.class.path" value="C:\Users\AbhishekRangaswamy\Documents\Automation\com.BDD.Cucumber\target\test-classes;C:\Users\AbhishekRangaswamy\Documents\Automation\com.BDD.Cucumber\target\classes;C:\Users\AbhishekRangaswamy\.m2\repository\io\cucumber\cucumber-java\7.22.1\cucumber-java-7.22.1.jar;C:\Users\AbhishekRangaswamy\.m2\repository\org\apiguardian\apiguardian-api\1.1.2\apiguardian-api-1.1.2.jar;C:\Users\AbhishekRangaswamy\.m2\repository\io\cucumber\cucumber-junit\7.22.1\cucumber-junit-7.22.1.jar;C:\Users\AbhishekRangaswamy\.m2\repository\io\cucumber\cucumber-core\7.22.1\cucumber-core-7.22.1.jar;C:\Users\AbhishekRangaswamy\.m2\repository\io\cucumber\cucumber-gherkin\7.22.1\cucumber-gherkin-7.22.1.jar;C:\Users\AbhishekRangaswamy\.m2\repository\io\cucumber\cucumber-gherkin-messages\7.22.1\cucumber-gherkin-messages-7.22.1.jar;C:\Users\AbhishekRangaswamy\.m2\repository\io\cucumber\gherkin\32.1.1\gherkin-32.1.1.jar;C:\Users\AbhishekRangaswamy\.m2\repository\io\cucumber\messages\27.2.0\messages-27.2.0.jar;C:\Users\AbhishekRangaswamy\.m2\repository\io\cucumber\testng-xml-formatter\0.3.1\testng-xml-formatter-0.3.1.jar;C:\Users\AbhishekRangaswamy\.m2\repository\io\cucumber\query\13.3.0\query-13.3.0.jar;C:\Users\AbhishekRangaswamy\.m2\repository\io\cucumber\tag-expressions\6.1.2\tag-expressions-6.1.2.jar;C:\Users\AbhishekRangaswamy\.m2\repository\io\cucumber\cucumber-expressions\18.0.1\cucumber-expressions-18.0.1.jar;C:\Users\AbhishekRangaswamy\.m2\repository\io\cucumber\datatable\7.22.1\datatable-7.22.1.jar;C:\Users\AbhishekRangaswamy\.m2\repository\io\cucumber\cucumber-plugin\7.22.1\cucumber-plugin-7.22.1.jar;C:\Users\AbhishekRangaswamy\.m2\repository\io\cucumber\docstring\7.22.1\docstring-7.22.1.jar;C:\Users\AbhishekRangaswamy\.m2\repository\io\cucumber\html-formatter\21.10.1\html-formatter-21.10.1.jar;C:\Users\AbhishekRangaswamy\.m2\repository\io\cucumber\junit-xml-formatter\0.7.1\junit-xml-formatter-0.7.1.jar;C:\Users\AbhishekRangaswamy\.m2\repository\io\cucumber\ci-environment\10.0.1\ci-environment-10.0.1.jar;C:\Users\AbhishekRangaswamy\.m2\repository\junit\junit\4.13.2\junit-4.13.2.jar;C:\Users\AbhishekRangaswamy\.m2\repository\org\hamcrest\hamcrest-core\1.3\hamcrest-core-1.3.jar;"/>
    <property name="java.vm.vendor" value="Oracle Corporation"/>
    <property name="sun.arch.data.model" value="64"/>
    <property name="user.variant" value=""/>
    <property name="java.vendor.url" value="https://java.oracle.com/"/>
    <property name="user.timezone" value="Asia/Calcutta"/>
    <property name="os.name" value="Windows 11"/>
    <property name="java.vm.specification.version" value="17"/>
    <property name="sun.java.launcher" value="SUN_STANDARD"/>
    <property name="user.country" value="IN"/>
    <property name="sun.boot.library.path" value="C:\Program Files\Java\jdk-17\bin"/>
    <property name="sun.java.command" value="C:\Users\AbhishekRangaswamy\AppData\Local\Temp\surefire5470516080965280937\surefirebooter-20250611061635902_3.jar C:\Users\AbhishekRangaswamy\AppData\Local\Temp\surefire5470516080965280937 2025-06-11T06-16-35_479-jvmRun1 surefire-20250611061635902_1tmp surefire_0-20250611061635902_2tmp"/>
    <property name="jdk.debug" value="release"/>
    <property name="surefire.test.class.path" value="C:\Users\AbhishekRangaswamy\Documents\Automation\com.BDD.Cucumber\target\test-classes;C:\Users\AbhishekRangaswamy\Documents\Automation\com.BDD.Cucumber\target\classes;C:\Users\AbhishekRangaswamy\.m2\repository\io\cucumber\cucumber-java\7.22.1\cucumber-java-7.22.1.jar;C:\Users\AbhishekRangaswamy\.m2\repository\org\apiguardian\apiguardian-api\1.1.2\apiguardian-api-1.1.2.jar;C:\Users\AbhishekRangaswamy\.m2\repository\io\cucumber\cucumber-junit\7.22.1\cucumber-junit-7.22.1.jar;C:\Users\AbhishekRangaswamy\.m2\repository\io\cucumber\cucumber-core\7.22.1\cucumber-core-7.22.1.jar;C:\Users\AbhishekRangaswamy\.m2\repository\io\cucumber\cucumber-gherkin\7.22.1\cucumber-gherkin-7.22.1.jar;C:\Users\AbhishekRangaswamy\.m2\repository\io\cucumber\cucumber-gherkin-messages\7.22.1\cucumber-gherkin-messages-7.22.1.jar;C:\Users\AbhishekRangaswamy\.m2\repository\io\cucumber\gherkin\32.1.1\gherkin-32.1.1.jar;C:\Users\AbhishekRangaswamy\.m2\repository\io\cucumber\messages\27.2.0\messages-27.2.0.jar;C:\Users\AbhishekRangaswamy\.m2\repository\io\cucumber\testng-xml-formatter\0.3.1\testng-xml-formatter-0.3.1.jar;C:\Users\AbhishekRangaswamy\.m2\repository\io\cucumber\query\13.3.0\query-13.3.0.jar;C:\Users\AbhishekRangaswamy\.m2\repository\io\cucumber\tag-expressions\6.1.2\tag-expressions-6.1.2.jar;C:\Users\AbhishekRangaswamy\.m2\repository\io\cucumber\cucumber-expressions\18.0.1\cucumber-expressions-18.0.1.jar;C:\Users\AbhishekRangaswamy\.m2\repository\io\cucumber\datatable\7.22.1\datatable-7.22.1.jar;C:\Users\AbhishekRangaswamy\.m2\repository\io\cucumber\cucumber-plugin\7.22.1\cucumber-plugin-7.22.1.jar;C:\Users\AbhishekRangaswamy\.m2\repository\io\cucumber\docstring\7.22.1\docstring-7.22.1.jar;C:\Users\AbhishekRangaswamy\.m2\repository\io\cucumber\html-formatter\21.10.1\html-formatter-21.10.1.jar;C:\Users\AbhishekRangaswamy\.m2\repository\io\cucumber\junit-xml-formatter\0.7.1\junit-xml-formatter-0.7.1.jar;C:\Users\AbhishekRangaswamy\.m2\repository\io\cucumber\ci-environment\10.0.1\ci-environment-10.0.1.jar;C:\Users\AbhishekRangaswamy\.m2\repository\junit\junit\4.13.2\junit-4.13.2.jar;C:\Users\AbhishekRangaswamy\.m2\repository\org\hamcrest\hamcrest-core\1.3\hamcrest-core-1.3.jar;"/>
    <property name="sun.cpu.endian" value="little"/>
    <property name="user.home" value="C:\Users\AbhishekRangaswamy"/>
    <property name="user.language" value="en"/>
    <property name="java.specification.vendor" value="Oracle Corporation"/>
    <property name="java.version.date" value="2024-07-16"/>
    <property name="java.home" value="C:\Program Files\Java\jdk-17"/>
    <property name="file.separator" value="\"/>
    <property name="basedir" value="C:\Users\AbhishekRangaswamy\Documents\Automation\com.BDD.Cucumber"/>
    <property name="java.vm.compressedOopsMode" value="Zero based"/>
    <property name="line.separator" value="&#10;"/>
    <property name="java.vm.specification.vendor" value="Oracle Corporation"/>
    <property name="java.specification.name" value="Java Platform API Specification"/>
    <property name="surefire.real.class.path" value="C:\Users\AbhishekRangaswamy\AppData\Local\Temp\surefire5470516080965280937\surefirebooter-20250611061635902_3.jar"/>
    <property name="user.script" value=""/>
    <property name="sun.management.compiler" value="HotSpot 64-Bit Tiered Compilers"/>
    <property name="java.runtime.version" value="17.0.12+8-LTS-286"/>
    <property name="user.name" value="AbhishekRangaswamy"/>
    <property name="path.separator" value=";"/>
    <property name="os.version" value="10.0"/>
    <property name="java.runtime.name" value="Java(TM) SE Runtime Environment"/>
    <property name="file.encoding" value="Cp1252"/>
    <property name="java.vm.name" value="Java HotSpot(TM) 64-Bit Server VM"/>
    <property name="localRepository" value="C:\Users\AbhishekRangaswamy\.m2\repository"/>
    <property name="java.vendor.url.bug" value="https://bugreport.java.com/bugreport/"/>
    <property name="java.io.tmpdir" value="C:\Users\ABHISH~1\AppData\Local\Temp\"/>
    <property name="java.version" value="17.0.12"/>
    <property name="cucumber.filter.tags" value="@smoke"/>
    <property name="user.dir" value="C:\Users\AbhishekRangaswamy\Documents\Automation\com.BDD.Cucumber"/>
    <property name="os.arch" value="amd64"/>
    <property name="java.vm.specification.name" value="Java Virtual Machine Specification"/>
    <property name="sun.os.patch.level" value=""/>
    <property name="native.encoding" value="Cp1252"/>
    <property name="java.library.path" value="C:\Program Files\Java\jdk-17\bin;C:\Windows\Sun\Java\bin;C:\Windows\system32;C:\Windows;C:\Program Files\Common Files\Oracle\Java\javapath;C:\Windows\system32;C:\Windows;C:\Windows\System32\Wbem;C:\Windows\System32\WindowsPowerShell\v1.0\;C:\Windows\System32\OpenSSH\;C:\Program Files\dotnet\;C:\Program Files\apache-maven-3.9.9\bin;C:\Program Files\Git\cmd;C:\Program Files\PuTTY\;C:\Program Files\Amazon\AWSCLIV2\;C:\Program Files\Terraform;C:\Users\AbhishekRangaswamy\AppData\Local\Programs\Python\Python313\Scripts\;C:\Users\AbhishekRangaswamy\AppData\Local\Programs\Python\Python313\;C:\Users\AbhishekRangaswamy\AppData\Local\Programs\Python\Launcher\;C:\Users\AbhishekRangaswamy\AppData\Local\Microsoft\WindowsApps;C:\Users\AbhishekRangaswamy\AppData\Local\Programs\Microsoft VS Code\bin;."/>
    <property name="java.vm.info" value="mixed mode, sharing"/>
    <property name="java.vendor" value="Oracle Corporation"/>
    <property name="java.vm.version" value="17.0.12+8-LTS-286"/>
    <property name="sun.io.unicode.encoding" value="UnicodeLittle"/>
    <property name="java.class.version" value="61.0"/>
  </properties>
  <testcase name="Login with valid credentials #1" classname="User Login" time="0.125">
    <system-out><![CDATA[
@login @smoke
Scenario Outline: Login with valid credentials                &amp#27;[90m# src/test/resources/features/Login.feature:15&amp#27;[0m
>> User got navigated to login page
  &amp#27;[32mGiven &amp#27;[0m&amp#27;[32mUser navigates to Login page&amp#27;[0m                          &amp#27;[90m# stepdefinitions.testClass.user_navigates_to_login_page()&amp#27;[0m
>> User has entered valid email address: amotooricap9@gmail.com
  &amp#27;[32mWhen &amp#27;[0m&amp#27;[32mUser enters valid email address &amp#27;[0m&amp#27;[32m&amp#27;[1mamotooricap9@gmail.com&amp#27;[0m &amp#27;[90m# stepdefinitions.testClass.user_enters_valid_email_address(java.lang.String)&amp#27;[0m
>> User has entered valid password: 12345
  &amp#27;[32mAnd &amp#27;[0m&amp#27;[32mEnters valid password &amp#27;[0m&amp#27;[32m&amp#27;[1m12345&amp#27;[0m                             &amp#27;[90m# stepdefinitions.testClass.enters_valid_password(java.lang.String)&amp#27;[0m
>> User clicks on login button
  &amp#27;[32mAnd &amp#27;[0m&amp#27;[32mClicks on login button&amp#27;[0m                                  &amp#27;[90m# stepdefinitions.testClass.clicks_on_login_button()&amp#27;[0m
>> User got logged in suucessfully
  &amp#27;[32mThen &amp#27;[0m&amp#27;[32mUser should login successfully&amp#27;[0m                         &amp#27;[90m# stepdefinitions.testClass.user_should_login_successfully()&amp#27;[0m
]]></system-out>
  </testcase>
  <testcase name="Login with valid credentials #2" classname="User Login" time="0.009">
    <system-out><![CDATA[
@login @smoke
Scenario Outline: Login with valid credentials                &amp#27;[90m# src/test/resources/features/Login.feature:16&amp#27;[0m
>> User got navigated to login page
  &amp#27;[32mGiven &amp#27;[0m&amp#27;[32mUser navigates to Login page&amp#27;[0m                          &amp#27;[90m# stepdefinitions.testClass.user_navigates_to_login_page()&amp#27;[0m
>> User has entered valid email address: amotooricap3@gmail.com
  &amp#27;[32mWhen &amp#27;[0m&amp#27;[32mUser enters valid email address &amp#27;[0m&amp#27;[32m&amp#27;[1mamotooricap3@gmail.com&amp#27;[0m &amp#27;[90m# stepdefinitions.testClass.user_enters_valid_email_address(java.lang.String)&amp#27;[0m
>> User has entered valid password: 12345
  &amp#27;[32mAnd &amp#27;[0m&amp#27;[32mEnters valid password &amp#27;[0m&amp#27;[32m&amp#27;[1m12345&amp#27;[0m                             &amp#27;[90m# stepdefinitions.testClass.enters_valid_password(java.lang.String)&amp#27;[0m
>> User clicks on login button
  &amp#27;[32mAnd &amp#27;[0m&amp#27;[32mClicks on login button&amp#27;[0m                                  &amp#27;[90m# stepdefinitions.testClass.clicks_on_login_button()&amp#27;[0m
>> User got logged in suucessfully
  &amp#27;[32mThen &amp#27;[0m&amp#27;[32mUser should login successfully&amp#27;[0m                         &amp#27;[90m# stepdefinitions.testClass.user_should_login_successfully()&amp#27;[0m
]]></system-out>
  </testcase>
  <testcase name="Login with valid credentials #3" classname="User Login" time="0.016">
    <system-out><![CDATA[
@login @smoke
Scenario Outline: Login with valid credentials                &amp#27;[90m# src/test/resources/features/Login.feature:17&amp#27;[0m
>> User got navigated to login page
  &amp#27;[32mGiven &amp#27;[0m&amp#27;[32mUser navigates to Login page&amp#27;[0m                          &amp#27;[90m# stepdefinitions.testClass.user_navigates_to_login_page()&amp#27;[0m
>> User has entered valid email address: amotooricap1@gmail.com
  &amp#27;[32mWhen &amp#27;[0m&amp#27;[32mUser enters valid email address &amp#27;[0m&amp#27;[32m&amp#27;[1mamotooricap1@gmail.com&amp#27;[0m &amp#27;[90m# stepdefinitions.testClass.user_enters_valid_email_address(java.lang.String)&amp#27;[0m
>> User has entered valid password: 12345
  &amp#27;[32mAnd &amp#27;[0m&amp#27;[32mEnters valid password &amp#27;[0m&amp#27;[32m&amp#27;[1m12345&amp#27;[0m                             &amp#27;[90m# stepdefinitions.testClass.enters_valid_password(java.lang.String)&amp#27;[0m
>> User clicks on login button
  &amp#27;[32mAnd &amp#27;[0m&amp#27;[32mClicks on login button&amp#27;[0m                                  &amp#27;[90m# stepdefinitions.testClass.clicks_on_login_button()&amp#27;[0m
>> User got logged in suucessfully
  &amp#27;[32mThen &amp#27;[0m&amp#27;[32mUser should login successfully&amp#27;[0m                         &amp#27;[90m# stepdefinitions.testClass.user_should_login_successfully()&amp#27;[0m
]]></system-out>
  </testcase>
  <testcase name="Register with mandatory fields" classname="User Registration" time="0.006">
    <system-out><![CDATA[
@register @smoke
Scenario: Register with mandatory fields         &amp#27;[90m# src/test/resources/features/Register.feature:7&amp#27;[0m
>> User got navigated to Register Account page
  &amp#27;[32mGiven &amp#27;[0m&amp#27;[32mUser navigates to Register Account page&amp#27;[0m  &amp#27;[90m# stepdefinitions.Register.user_navigates_to_register_account_page()&amp#27;[0m
>> User has entered the firstname as: Arun
>> User has entered the lastname as: Motoori
>> User has entered the emailaddress as: arun.motoori@gmail.com
>> User has entered the telephone as: 12345567890
>> User has entered the password as: 12345
  &amp#27;[32mWhen &amp#27;[0m&amp#27;[32mUser enters below details into the fields&amp#27;[0m &amp#27;[90m# stepdefinitions.Register.User_enters_below_details_into_the_fields(io.cucumber.datatable.DataTable)&amp#27;[0m
    | firstname    | Arun                   |
    | lastname     | Motoori                |
    | emailaddress | arun.motoori@gmail.com |
    | telephone    | 12345567890            |
    | password     | 12345                  |
>> User has selected the privacy policy field
  &amp#27;[32mAnd &amp#27;[0m&amp#27;[32mSelects Privacy Policy field&amp#27;[0m               &amp#27;[90m# stepdefinitions.Register.selects_privacy_policy_field()&amp#27;[0m
>> User has clicked on Continue button
  &amp#27;[32mAnd &amp#27;[0m&amp#27;[32mClicks on continue button&amp#27;[0m                  &amp#27;[90m# stepdefinitions.Register.clicks_on_continue_button()&amp#27;[0m
>> User account got successfully created
  &amp#27;[32mThen &amp#27;[0m&amp#27;[32mAccount should get successfully created&amp#27;[0m   &amp#27;[90m# stepdefinitions.Register.account_should_get_successfully_created()&amp#27;[0m
]]></system-out>
  </testcase>
  <testcase name="Register with all fields" classname="User Registration" time="0.036">
    <system-out><![CDATA[
@register @smoke
Scenario: Register with all fields               &amp#27;[90m# src/test/resources/features/Register.feature:19&amp#27;[0m
>> User got navigated to Register Account page
  &amp#27;[32mGiven &amp#27;[0m&amp#27;[32mUser navigates to Register Account page&amp#27;[0m  &amp#27;[90m# stepdefinitions.Register.user_navigates_to_register_account_page()&amp#27;[0m
>> User has entered the firstname as: Arun
>> User has entered the lastname as: Motoori
>> User has entered the emailaddress as: arun.motoori@gmail.com
>> User has entered the telephone as: 12345567890
>> User has entered the password as: 12345
  &amp#27;[32mWhen &amp#27;[0m&amp#27;[32mUser enters below details into the fields&amp#27;[0m &amp#27;[90m# stepdefinitions.Register.User_enters_below_details_into_the_fields(io.cucumber.datatable.DataTable)&amp#27;[0m
    | firstname    | Arun                   |
    | lastname     | Motoori                |
    | emailaddress | arun.motoori@gmail.com |
    | telephone    | 12345567890            |
    | password     | 12345                  |
>> User has selected Yes for Newsletter
  &amp#27;[32mAnd &amp#27;[0m&amp#27;[32mSelects Yes for Newsletter&amp#27;[0m                 &amp#27;[90m# stepdefinitions.Register.selects_yes_for_newsletter()&amp#27;[0m
>> User has selected the privacy policy field
  &amp#27;[32mAnd &amp#27;[0m&amp#27;[32mSelects Privacy Policy field&amp#27;[0m               &amp#27;[90m# stepdefinitions.Register.selects_privacy_policy_field()&amp#27;[0m
>> User has clicked on Continue button
  &amp#27;[32mAnd &amp#27;[0m&amp#27;[32mClicks on continue button&amp#27;[0m                  &amp#27;[90m# stepdefinitions.Register.clicks_on_continue_button()&amp#27;[0m
>> User account got successfully created
  &amp#27;[32mThen &amp#27;[0m&amp#27;[32mAccount should get successfully created&amp#27;[0m   &amp#27;[90m# stepdefinitions.Register.account_should_get_successfully_created()&amp#27;[0m
]]></system-out>
  </testcase>
  <testcase name="Search for a valid product" classname="Search functionality" time="0.015">
    <system-out><![CDATA[
@Search @smoke
Scenario: Search for a valid product                        &amp#27;[90m# src/test/resources/features/Search.feature:7&amp#27;[0m
>> Application got opened
  &amp#27;[32mGiven &amp#27;[0m&amp#27;[32mUser opens the application&amp#27;[0m                          &amp#27;[90m# stepdefinitions.Search.user_opens_the_application()&amp#27;[0m
>> Valid product got entered into search field
  &amp#27;[32mWhen &amp#27;[0m&amp#27;[32muser enters valid product into search field&amp#27;[0m          &amp#27;[90m# stepdefinitions.Search.user_enters_valid_product_into_search_field()&amp#27;[0m
>> User clicked on search button
  &amp#27;[32mAnd &amp#27;[0m&amp#27;[32mUser clicks on search button&amp#27;[0m                          &amp#27;[90m# stepdefinitions.Search.user_clicks_on_search_button()&amp#27;[0m
>> Valid product got entered into search field
  &amp#27;[32mThen &amp#27;[0m&amp#27;[32mValid product should get displayed in search results&amp#27;[0m &amp#27;[90m# stepdefinitions.Search.valid_product_should_get_displayed_in_search_results()&amp#27;[0m
]]></system-out>
  </testcase>
</testsuite>